 * Restarting with stat
 * Restarting with stat
 * Restarting with stat
 * Restarting with stat
 * Restarting with stat
 * Restarting with stat
 * Restarting with stat
 * Restarting with stat
 * Restarting with stat
 * Restarting with stat
 * Restarting with stat
 * Restarting with stat
 * Restarting with stat
 * Restarting with stat
 * Restarting with stat
 * Restarting with stat
 * Restarting with stat
 * Restarting with stat
 * Restarting with stat
 * Restarting with stat
 * Restarting with stat
 * Restarting with stat
 * Restarting with stat
 * Restarting with stat
 * Restarting with stat
 * Restarting with stat
 * Restarting with stat
 * Restarting with stat
 * Restarting with stat
 * Restarting with stat
 * Restarting with stat
 * Restarting with stat
127.0.0.1 - - [05/Nov/2021 17:11:38] "[35m[1mPOST /api/repay/repay_tools/get_auto_asset HTTP/1.1[0m" 500 -
127.0.0.1 - - [05/Nov/2021 17:11:38] "[35m[1mPOST /api/repay/repay_tools/get_auto_asset HTTP/1.1[0m" 500 -
127.0.0.1 - - [05/Nov/2021 17:11:40] "[35m[1mPOST /api/repay/repay_tools/get_auto_asset HTTP/1.1[0m" 500 -
127.0.0.1 - - [05/Nov/2021 17:11:40] "[35m[1mPOST /api/repay/repay_tools/get_auto_asset HTTP/1.1[0m" 500 -
 * Detected change in '/Users/kuainiu/PycharmProjects/auto-test/app/api/__init__.py', reloading
 * Restarting with stat
 * Detected change in '/Users/kuainiu/PycharmProjects/auto-test/app/api/biz_central/__init__.py', reloading
 * Restarting with stat
 * Detected change in '/Users/kuainiu/PycharmProjects/auto-test/app/api/repay/__init__.py', reloading
 * Restarting with stat
127.0.0.1 - - [05/Nov/2021 17:33:07] "[35m[1mPOST /api/repay/repay_tools/get_auto_asset HTTP/1.1[0m" 500 -
127.0.0.1 - - [05/Nov/2021 17:33:07] "[35m[1mPOST /api/repay/repay_tools/get_auto_asset HTTP/1.1[0m" 500 -
 * Detected change in '/Users/kuainiu/PycharmProjects/auto-test/app/__init__.py', reloading
 * Restarting with stat
 * Restarting with stat
 * Detected change in '/Users/kuainiu/PycharmProjects/auto-test/app/api/__init__.py', reloading
 * Restarting with stat
127.0.0.1 - - [05/Nov/2021 17:34:01] "[35m[1mPOST /api/repay/repay_tools/get_auto_asset HTTP/1.1[0m" 500 -
127.0.0.1 - - [05/Nov/2021 17:34:01] "[35m[1mPOST /api/repay/repay_tools/get_auto_asset HTTP/1.1[0m" 500 -
 * Detected change in '/Users/kuainiu/PycharmProjects/auto-test/app/common/__init__.py', reloading
 * Restarting with stat
 * Detected change in '/Users/kuainiu/PycharmProjects/auto-test/app/common/__init__.py', reloading
 * Restarting with stat
 * Detected change in '/Users/kuainiu/PycharmProjects/auto-test/app/api/biz_central/__init__.py', reloading
 * Restarting with stat
 * Detected change in '/Users/kuainiu/PycharmProjects/auto-test/app/api/repay/__init__.py', reloading
 * Restarting with stat
 * Detected change in '/Users/kuainiu/PycharmProjects/auto-test/app/api/biz_central/__init__.py', reloading
 * Restarting with stat
127.0.0.1 - - [05/Nov/2021 17:38:16] "POST /api/repay/repay_tools/get_auto_asset HTTP/1.1" 200 -
127.0.0.1 - - [05/Nov/2021 17:38:17] "POST /api/repay/repay_tools/add_and_update_holiday HTTP/1.1" 200 -
127.0.0.1 - - [05/Nov/2021 17:38:18] "GET /api/backend/menu HTTP/1.1" 200 -
127.0.0.1 - - [05/Nov/2021 17:38:26] "POST /api/repay/repay_tools/get_auto_asset HTTP/1.1" 200 -
127.0.0.1 - - [05/Nov/2021 17:38:28] "POST /api/repay/repay_tools/get_auto_asset HTTP/1.1" 200 -
127.0.0.1 - - [05/Nov/2021 17:38:30] "POST /api/repay/repay_tools/get_asset_info HTTP/1.1" 200 -
 * Detected change in '/Users/kuainiu/PycharmProjects/auto-test/app/test_cases/china/biz_central/QinnongPushAutoTest.py', reloading
 * Restarting with stat
 * Detected change in '/Users/kuainiu/PycharmProjects/auto-test/app/test_cases/china/biz_central/QinnongPushAutoTest.py', reloading
 * Restarting with stat
 * Detected change in '/Users/kuainiu/PycharmProjects/auto-test/app/test_cases/china/biz_central/QinnongPushAutoTest.py', reloading
 * Restarting with stat
 * Detected change in '/Users/kuainiu/PycharmProjects/auto-test/app/test_cases/china/biz_central/QinnongPushAutoTest.py', reloading
 * Restarting with stat
 * Detected change in '/Users/kuainiu/PycharmProjects/auto-test/app/test_cases/china/biz_central/QinnongPushAutoTest.py', reloading
 * Restarting with stat
 * Detected change in '/Users/kuainiu/PycharmProjects/auto-test/app/test_cases/china/biz_central/__init__.py', reloading
 * Restarting with stat
 * Detected change in '/Users/kuainiu/PycharmProjects/auto-test/app/test_cases/china/biz_central/QinnongPushAutoTest.py', reloading
 * Restarting with stat
 * Detected change in '/Users/kuainiu/PycharmProjects/auto-test/app/test_cases/china/biz_central/QinnongPushAutoTest.py', reloading
 * Restarting with stat
 * Detected change in '/Users/kuainiu/PycharmProjects/auto-test/app/program_business/china/biz_central/services.py', reloading
 * Restarting with stat
 * Detected change in '/Users/kuainiu/PycharmProjects/auto-test/app/program_business/china/biz_central/services.py', reloading
 * Restarting with stat
 * Detected change in '/Users/kuainiu/PycharmProjects/auto-test/app/program_business/china/biz_central/services.py', reloading
 * Restarting with stat
 * Detected change in '/Users/kuainiu/PycharmProjects/auto-test/app/program_business/china/biz_central/services.py', reloading
 * Restarting with stat
 * Detected change in '/Users/kuainiu/PycharmProjects/auto-test/app/program_business/china/biz_central/services.py', reloading
 * Restarting with stat
 * Detected change in '/Users/kuainiu/PycharmProjects/auto-test/app/test_cases/china/biz_central/QinnongPushAutoTest.py', reloading
 * Restarting with stat
 * Detected change in '/Users/kuainiu/PycharmProjects/auto-test/app/test_cases/china/biz_central/QinnongPushAutoTest.py', reloading
 * Restarting with stat
 * Detected change in '/Users/kuainiu/PycharmProjects/auto-test/app/test_cases/china/biz_central/QinnongPushAutoTest.py', reloading
 * Restarting with stat
 * Detected change in '/Users/kuainiu/PycharmProjects/auto-test/app/test_cases/china/biz_central/QinnongPushAutoTest.py', reloading
 * Restarting with stat
 * Detected change in '/Users/kuainiu/PycharmProjects/auto-test/app/test_cases/china/biz_central/QinnongPushAutoTest.py', reloading
 * Restarting with stat
 * Detected change in '/Users/kuainiu/PycharmProjects/auto-test/app/test_cases/china/biz_central/__init__.py', reloading
 * Restarting with stat
 * Detected change in '/Users/kuainiu/PycharmProjects/auto-test/app/test_cases/china/biz_central/__init__.py', reloading
 * Restarting with stat
 * Detected change in '/Users/kuainiu/PycharmProjects/auto-test/app/test_cases/china/biz_central/__init__.py', reloading
 * Restarting with stat
 * Detected change in '/Users/kuainiu/PycharmProjects/auto-test/app/test_cases/china/biz_central/__init__.py', reloading
 * Restarting with stat
 * Detected change in '/Users/kuainiu/PycharmProjects/auto-test/app/api/test_case/__init__.py', reloading
 * Restarting with stat
 * Detected change in '/Users/kuainiu/PycharmProjects/auto-test/app/api/test_case/__init__.py', reloading
 * Restarting with stat
 * Detected change in '/Users/kuainiu/PycharmProjects/auto-test/app/api/test_case/__init__.py', reloading
 * Restarting with stat
 * Detected change in '/Users/kuainiu/PycharmProjects/auto-test/app/api/test_case/__init__.py', reloading
 * Restarting with stat
 * Detected change in '/Users/kuainiu/PycharmProjects/auto-test/app/program_business/china/repay/services.py', reloading
 * Restarting with stat
 * Detected change in '/Users/kuainiu/PycharmProjects/auto-test/app/api/test_case/__init__.py', reloading
 * Restarting with stat
 * Detected change in '/Users/kuainiu/PycharmProjects/auto-test/app/test_cases/china/biz_central/__init__.py', reloading
 * Restarting with stat
 * Detected change in '/Users/kuainiu/PycharmProjects/auto-test/app/api/test_case/__init__.py', reloading
 * Restarting with stat
 * Detected change in '/Users/kuainiu/PycharmProjects/auto-test/app/api/test_case/__init__.py', reloading
 * Restarting with stat
 * Detected change in '/Users/kuainiu/PycharmProjects/auto-test/app/test_cases/china/biz_central/QinnongPushAutoTest.py', reloading
 * Restarting with stat
